[debug] [2024-12-12T04:39:02.231Z] ----------------------------------------------------------------------
[debug] [2024-12-12T04:39:02.234Z] Command:       D:\node.exe C:\Users\Champye Peruano\AppData\Roaming\npm\node_modules\firebase-tools\lib\bin\firebase.js init hosting
[debug] [2024-12-12T04:39:02.235Z] CLI Version:   13.28.0
[debug] [2024-12-12T04:39:02.236Z] Platform:      win32
[debug] [2024-12-12T04:39:02.236Z] Node Version:  v22.12.0
[debug] [2024-12-12T04:39:02.236Z] Time:          Thu Dec 12 2024 01:39:02 GMT-0300 (hora de verano de Chile)
[debug] [2024-12-12T04:39:02.237Z] ----------------------------------------------------------------------
[debug] 
[debug] [2024-12-12T04:39:02.248Z] > command requires scopes: ["email","openid","https://www.googleapis.com/auth/cloudplatformprojects.readonly","https://www.googleapis.com/auth/firebase","https://www.googleapis.com/auth/cloud-platform"]
[debug] [2024-12-12T04:39:02.249Z] > authorizing via signed-in user (estebanv144@gmail.com)
[info] 
     ######## #### ########  ######## ########     ###     ######  ########
     ##        ##  ##     ## ##       ##     ##  ##   ##  ##       ##
     ######    ##  ########  ######   ########  #########  ######  ######
     ##        ##  ##    ##  ##       ##     ## ##     ##       ## ##
     ##       #### ##     ## ######## ########  ##     ##  ######  ########

You're about to initialize a Firebase project in this directory:

  C:\Users\Champye Peruano\Downloads\treguaReact

[info] 
=== Project Setup
[info] 
[info] First, let's associate this project directory with a Firebase project.
[info] You can create multiple project aliases by running firebase use --add, 
[info] but for now we'll just set up a default project.
[info] 
[debug] [2024-12-12T04:39:50.022Z] Checked if tokens are valid: true, expires at: 1733981937711
[debug] [2024-12-12T04:39:50.022Z] Checked if tokens are valid: true, expires at: 1733981937711
[debug] [2024-12-12T04:39:50.023Z] >>> [apiv2][query] GET https://firebase.googleapis.com/v1beta1/projects pageSize=100
[debug] [2024-12-12T04:39:51.163Z] <<< [apiv2][status] GET https://firebase.googleapis.com/v1beta1/projects 200
[debug] [2024-12-12T04:39:51.163Z] <<< [apiv2][body] GET https://firebase.googleapis.com/v1beta1/projects [omitted]
[info] i  Using project tregua-6fe9e (Tregua) 
[info] 
=== Hosting Setup
[debug] [2024-12-12T04:39:56.457Z] Checked if tokens are valid: true, expires at: 1733981937711
[debug] [2024-12-12T04:39:56.457Z] Checked if tokens are valid: true, expires at: 1733981937711
[debug] [2024-12-12T04:39:56.457Z] >>> [apiv2][query] GET https://firebase.googleapis.com/v1beta1/projects/tregua-6fe9e [none]
[debug] [2024-12-12T04:39:56.917Z] <<< [apiv2][status] GET https://firebase.googleapis.com/v1beta1/projects/tregua-6fe9e 200
[debug] [2024-12-12T04:39:56.917Z] <<< [apiv2][body] GET https://firebase.googleapis.com/v1beta1/projects/tregua-6fe9e {"projectId":"tregua-6fe9e","projectNumber":"456357954548","displayName":"Tregua","name":"projects/tregua-6fe9e","resources":{"hostingSite":"tregua-6fe9e"},"state":"ACTIVE","etag":"1_b0de0250-46ad-4dc8-91cd-263d5fdf91ba"}
[info] 
[info] Your public directory is the folder (relative to your project directory) that
[info] will contain Hosting assets to be uploaded with firebase deploy. If you
[info] have a build process for your assets, use your build's output directory.
[info] 
[debug] [2024-12-12T04:40:07.940Z] >>> [apiv2][query] GET https://www.gstatic.com/firebasejs/releases.json [none]
[debug] [2024-12-12T04:40:08.048Z] <<< [apiv2][status] GET https://www.gstatic.com/firebasejs/releases.json 200
[debug] [2024-12-12T04:40:08.048Z] <<< [apiv2][body] GET https://www.gstatic.com/firebasejs/releases.json {"current":{"version":"11.0.2","browserURL":"https://www.gstatic.com/firebasejs/11.0.2/firebase.js","packageURL":"https://www.gstatic.com/firebasejs/11.0.2/firebase.tgz"},"live":{"version":"11.0","browserURL":"https://www.gstatic.com/firebasejs/live/11.0/firebase.js","packageURL":"https://www.gstatic.com/firebasejs/live/11.0/firebase.tgz"},"components":{"analytics":"https://www.gstatic.com/firebasejs/11.0.2/firebase-analytics.js","app":"https://www.gstatic.com/firebasejs/11.0.2/firebase-app.js","app-check":"https://www.gstatic.com/firebasejs/11.0.2/firebase-app-check.js","auth":"https://www.gstatic.com/firebasejs/11.0.2/firebase-auth.js","auth/cordova":"https://www.gstatic.com/firebasejs/11.0.2/firebase-auth/cordova.js","auth/web-extension":"https://www.gstatic.com/firebasejs/11.0.2/firebase-auth/web-extension.js","functions":"https://www.gstatic.com/firebasejs/11.0.2/firebase-functions.js","firestore":"https://www.gstatic.com/firebasejs/11.0.2/firebase-firestore.js","firestore/lite":"https://www.gstatic.com/firebasejs/11.0.2/firebase-firestore/lite.js","installations":"https://www.gstatic.com/firebasejs/11.0.2/firebase-installations.js","storage":"https://www.gstatic.com/firebasejs/11.0.2/firebase-storage.js","performance":"https://www.gstatic.com/firebasejs/11.0.2/firebase-performance.js","remote-config":"https://www.gstatic.com/firebasejs/11.0.2/firebase-remote-config.js","messaging":"https://www.gstatic.com/firebasejs/11.0.2/firebase-messaging.js","messaging/sw":"https://www.gstatic.com/firebasejs/11.0.2/firebase-messaging/sw.js","database":"https://www.gstatic.com/firebasejs/11.0.2/firebase-database.js","vertexai":"https://www.gstatic.com/firebasejs/11.0.2/firebase-vertexai.js","data-connect":"https://www.gstatic.com/firebasejs/11.0.2/firebase-data-connect.js","firestore.memory":"https://www.gstatic.com/firebasejs/11.0.2/firebase-firestore.memory.js"}}
[info] +  Wrote public/index.html 
[info] 
[info] i  Detected a .git folder at C:\Users\Champye Peruano\Downloads\treguaReact 
[info] i  Authorizing with GitHub to upload your service account to a GitHub repository's secrets store. 
[info] 
[info] Visit this URL on this device to log in:
[info] https://github.com/login/oauth/authorize?client_id=89cf50f02ac6aaed3484&state=856669536&redirect_uri=http%3A%2F%2Flocalhost%3A9005&scope=read%3Auser%20repo%20public_repo
[info] 
[info] Waiting for authentication...
